<?xml version="1.0" encoding="UTF-8"?>
<testsuite name="HelloAppTest" tests="1" skipped="0" failures="0" errors="0" timestamp="2020-01-14T20:26:28" hostname="zero" time="0.024">
  <properties/>
  <testcase name="testHelloKoinInjection" classname="HelloAppTest" time="0.024"/>
  <system-out><![CDATA[Hey, Hello Koin!
]]></system-out>
  <system-err><![CDATA[]]></system-err>
</testsuite>
